#
# There is insufficient memory for the Java Runtime Environment to continue.
# Native memory allocation (mmap) failed to map 67108864 bytes. Error detail: G1 virtual space
# Possible reasons:
#   The system is out of physical RAM or swap space
#   This process is running with CompressedOops enabled, and the Java Heap may be blocking the growth of the native heap
# Possible solutions:
#   Reduce memory load on the system
#   Increase physical memory or swap space
#   Check if swap backing store is full
#   Decrease Java heap size (-Xmx/-Xms)
#   Decrease number of Java threads
#   Decrease Java thread stack sizes (-Xss)
#   Set larger code cache with -XX:ReservedCodeCacheSize=
#   JVM is running with Unscaled Compressed Oops mode in which the Java heap is
#     placed in the first 4GB address space. The Java Heap base address is the
#     maximum limit for the native heap growth. Please use -XX:HeapBaseMinAddress
#     to set the Java Heap base and to place the Java Heap above 4GB virtual address.
# This output file may be truncated or incomplete.
#
#  Out of Memory Error (os_windows.cpp:3898), pid=7512, tid=11432
#
# JRE version:  (21.0.6) (build )
# Java VM: OpenJDK 64-Bit Server VM (21.0.6+-13368085-b895.109, mixed mode, sharing, tiered, compressed oops, compressed class ptrs, g1 gc, windows-amd64)
# No core dump will be written. Minidumps are not enabled by default on client versions of Windows
#

---------------  S U M M A R Y ------------

Command Line: 

Host: Intel(R) Core(TM) i3-7020U CPU @ 2.30GHz, 4 cores, 3G,  Windows 10 , 64 bit Build 19041 (10.0.19041.5794)
Time: Sun May 25 21:01:23 2025 SE Asia Standard Time elapsed time: 0.124764 seconds (0d 0h 0m 0s)

---------------  T H R E A D  ---------------

Current thread (0x000002ca85eb2ef0):  JavaThread "Unknown thread" [_thread_in_vm, id=11432, stack(0x000000ff30000000,0x000000ff30100000) (1024K)]

Stack: [0x000000ff30000000,0x000000ff30100000]
Native frames: (J=compiled Java code, j=interpreted, Vv=VM code, C=native code)
V  [jvm.dll+0x6d0639]
V  [jvm.dll+0x85eb03]
V  [jvm.dll+0x86105e]
V  [jvm.dll+0x861743]
V  [jvm.dll+0x27e6e6]
V  [jvm.dll+0x6ccfd5]
V  [jvm.dll+0x6c0a8a]
V  [jvm.dll+0x35537b]
V  [jvm.dll+0x35cfd6]
V  [jvm.dll+0x3aef86]
V  [jvm.dll+0x3af258]
V  [jvm.dll+0x327a2c]
V  [jvm.dll+0x32871b]
V  [jvm.dll+0x826549]
V  [jvm.dll+0x3bc158]
V  [jvm.dll+0x80f7f8]
V  [jvm.dll+0x45035e]
V  [jvm.dll+0x451ac1]
C  [jli.dll+0x52ab]
C  [ucrtbase.dll+0x21bb2]
C  [KERNEL32.DLL+0x17374]
C  [ntdll.dll+0x4cc91]


---------------  P R O C E S S  ---------------

Threads class SMR info:
_java_thread_list=0x00007ffe60241848, length=0, elements={
}

Java Threads: ( => current thread )
Total: 0

Other Threads:
  0x000002ca880e4240 WorkerThread "GC Thread#0"                     [id=19784, stack(0x000000ff30100000,0x000000ff30200000) (1024K)]
  0x000002ca880ecf60 ConcurrentGCThread "G1 Main Marker"            [id=12292, stack(0x000000ff30200000,0x000000ff30300000) (1024K)]
  0x000002ca880eebe0 WorkerThread "G1 Conc#0"                       [id=7652, stack(0x000000ff30300000,0x000000ff30400000) (1024K)]

[error occurred during error reporting (printing all threads), id 0xc0000005, EXCEPTION_ACCESS_VIOLATION (0xc0000005) at pc=0x00007ffe5fa3aa87]
VM state: not at safepoint (not fully initialized)

VM Mutex/Monitor currently owned by a thread:  ([mutex/lock_event])
[0x00007ffe602ae4a0] Heap_lock - owner thread: 0x000002ca85eb2ef0

Heap address: 0x00000000c1600000, size: 1002 MB, Compressed Oops mode: 32-bit

CDS archive(s) mapped at: [0x0000000000000000-0x0000000000000000-0x0000000000000000), size 0, SharedBaseAddress: 0x0000000800000000, ArchiveRelocationMode: 1.
Narrow klass base: 0x0000000000000000, Narrow klass shift: 0, Narrow klass range: 0x0

GC Precious Log:
 CardTable entry size: 512
 Card Set container configuration: InlinePtr #cards 5 size 8 Array Of Cards #cards 12 size 40 Howl #buckets 4 coarsen threshold 1843 Howl Bitmap #cards 512 size 80 coarsen threshold 460 Card regions per heap region 1 cards per card region 2048

Heap:
 garbage-first heap   total 0K, used 0K [0x00000000c1600000, 0x0000000100000000)
  region size 1024K, 0 young (0K), 0 survivors (0K)
 Metaspace       used 0K, committed 0K, reserved 0K
  class space    used 0K, committed 0K, reserved 0K

Heap Regions: E=young(eden), S=young(survivor), O=old, HS=humongous(starts), HC=humongous(continues), CS=collection set, F=free, TAMS=top-at-mark-start, PB=parsable bottom

Card table byte_map: [0x000002ca9a410000,0x000002ca9a610000] _byte_map_base: 0x000002ca99e05000

Marking Bits: (CMBitMap*) 0x000002ca880e4940
 Bits: [0x000002ca9a610000, 0x000002ca9b5b8000)

GC Heap History (0 events):
No events

Dll operation events (1 events):
Event: 0.086 Loaded shared library C:\Program Files\Android\Android Studio\jbr\bin\java.dll

Deoptimization events (0 events):
No events

Classes loaded (0 events):
No events

Classes unloaded (0 events):
No events

Classes redefined (0 events):
No events

Internal exceptions (0 events):
No events

ZGC Phase Switch (0 events):
No events

VM Operations (0 events):
No events

Memory protections (0 events):
No events

Nmethod flushes (0 events):
No events

Events (0 events):
No events


Dynamic libraries:
0x00007ff623f50000 - 0x00007ff623f5a000 	C:\Program Files\Android\Android Studio\jbr\bin\java.EXE
0x00007ffebb570000 - 0x00007ffebb768000 	C:\WINDOWS\SYSTEM32\ntdll.dll
0x00007ffebad10000 - 0x00007ffebadd2000 	C:\WINDOWS\System32\KERNEL32.DLL
0x00007ffeb8cb0000 - 0x00007ffeb8fa6000 	C:\WINDOWS\System32\KERNELBASE.dll
0x00007ffeb9380000 - 0x00007ffeb9480000 	C:\WINDOWS\System32\ucrtbase.dll
0x00007ffeb24c0000 - 0x00007ffeb24d8000 	C:\Program Files\Android\Android Studio\jbr\bin\jli.dll
0x00007ffeb3990000 - 0x00007ffeb39ab000 	C:\Program Files\Android\Android Studio\jbr\bin\VCRUNTIME140.dll
0x00007ffeb9860000 - 0x00007ffeb99fd000 	C:\WINDOWS\System32\USER32.dll
0x00007ffeb9350000 - 0x00007ffeb9372000 	C:\WINDOWS\System32\win32u.dll
0x00007ffebb140000 - 0x00007ffebb16b000 	C:\WINDOWS\System32\GDI32.dll
0x00007ffeb9480000 - 0x00007ffeb959a000 	C:\WINDOWS\System32\gdi32full.dll
0x00007ffeb8c10000 - 0x00007ffeb8cad000 	C:\WINDOWS\System32\msvcp_win.dll
0x00007ffe9b700000 - 0x00007ffe9b99a000 	C:\WINDOWS\WinSxS\amd64_microsoft.windows.common-controls_6595b64144ccf1df_6.0.19041.5794_none_60bcd33171f2783c\COMCTL32.dll
0x00007ffeb9e40000 - 0x00007ffeb9ede000 	C:\WINDOWS\System32\msvcrt.dll
0x00007ffebb500000 - 0x00007ffebb52f000 	C:\WINDOWS\System32\IMM32.DLL
0x00007ffeb5730000 - 0x00007ffeb573c000 	C:\Program Files\Android\Android Studio\jbr\bin\vcruntime140_1.dll
0x00007ffe785e0000 - 0x00007ffe7866d000 	C:\Program Files\Android\Android Studio\jbr\bin\msvcp140.dll
0x00007ffe5f700000 - 0x00007ffe6038b000 	C:\Program Files\Android\Android Studio\jbr\bin\server\jvm.dll
0x00007ffeba670000 - 0x00007ffeba71f000 	C:\WINDOWS\System32\ADVAPI32.dll
0x00007ffebade0000 - 0x00007ffebae7f000 	C:\WINDOWS\System32\sechost.dll
0x00007ffebaf30000 - 0x00007ffebb053000 	C:\WINDOWS\System32\RPCRT4.dll
0x00007ffeb92a0000 - 0x00007ffeb92c7000 	C:\WINDOWS\System32\bcrypt.dll
0x00007ffeb9d70000 - 0x00007ffeb9ddb000 	C:\WINDOWS\System32\WS2_32.dll
0x00007ffeb8a70000 - 0x00007ffeb8abb000 	C:\WINDOWS\SYSTEM32\POWRPROF.dll
0x00007ffea1160000 - 0x00007ffea1187000 	C:\WINDOWS\SYSTEM32\WINMM.dll
0x00007ffeb0950000 - 0x00007ffeb095a000 	C:\WINDOWS\SYSTEM32\VERSION.dll
0x00007ffeb8a50000 - 0x00007ffeb8a62000 	C:\WINDOWS\SYSTEM32\UMPDC.dll
0x00007ffeb73f0000 - 0x00007ffeb7402000 	C:\WINDOWS\SYSTEM32\kernel.appcore.dll
0x00007ffeb5710000 - 0x00007ffeb571a000 	C:\Program Files\Android\Android Studio\jbr\bin\jimage.dll
0x00007ffeb70f0000 - 0x00007ffeb72f1000 	C:\WINDOWS\SYSTEM32\DBGHELP.DLL
0x00007ffe9a1a0000 - 0x00007ffe9a1d4000 	C:\WINDOWS\SYSTEM32\dbgcore.DLL
0x00007ffeb9210000 - 0x00007ffeb9292000 	C:\WINDOWS\System32\bcryptPrimitives.dll
0x00007ffeb3970000 - 0x00007ffeb3990000 	C:\Program Files\Android\Android Studio\jbr\bin\java.dll

dbghelp: loaded successfully - version: 4.0.5 - missing functions: none
symbol engine: initialized successfully - sym options: 0x614 - pdb path: .;C:\Program Files\Android\Android Studio\jbr\bin;C:\WINDOWS\SYSTEM32;C:\WINDOWS\WinSxS\amd64_microsoft.windows.common-controls_6595b64144ccf1df_6.0.19041.5794_none_60bcd33171f2783c;C:\Program Files\Android\Android Studio\jbr\bin\server

VM Arguments:
java_command: <unknown>
java_class_path (initial): <not set>
Launcher Type: SUN_STANDARD

[Global flags]
     intx CICompilerCount                          = 3                                         {product} {ergonomic}
     uint ConcGCThreads                            = 1                                         {product} {ergonomic}
     uint G1ConcRefinementThreads                  = 4                                         {product} {ergonomic}
   size_t G1HeapRegionSize                         = 1048576                                   {product} {ergonomic}
    uintx GCDrainStackTargetSize                   = 64                                        {product} {ergonomic}
   size_t InitialHeapSize                          = 67108864                                  {product} {ergonomic}
   size_t MarkStackSize                            = 4194304                                   {product} {ergonomic}
   size_t MaxHeapSize                              = 1050673152                                {product} {ergonomic}
   size_t MinHeapDeltaBytes                        = 1048576                                   {product} {ergonomic}
   size_t MinHeapSize                              = 8388608                                   {product} {ergonomic}
    uintx NonNMethodCodeHeapSize                   = 5832780                                {pd product} {ergonomic}
    uintx NonProfiledCodeHeapSize                  = 122912730                              {pd product} {ergonomic}
    uintx ProfiledCodeHeapSize                     = 122912730                              {pd product} {ergonomic}
    uintx ReservedCodeCacheSize                    = 251658240                              {pd product} {ergonomic}
     bool SegmentedCodeCache                       = true                                      {product} {ergonomic}
   size_t SoftMaxHeapSize                          = 1050673152                             {manageable} {ergonomic}
     bool UseCompressedOops                        = true                           {product lp64_product} {ergonomic}
     bool UseG1GC                                  = true                                      {product} {ergonomic}
     bool UseLargePagesIndividualAllocation        = false                                  {pd product} {ergonomic}

Logging:
Log output configuration:
 #0: stdout all=warning uptime,level,tags foldmultilines=false
 #1: stderr all=off uptime,level,tags foldmultilines=false

Environment Variables:
PATH=C:\Users\thaybinh\AppData\Local\Programs\Python\Python310\Scripts\;C:\Users\thaybinh\AppData\Local\Programs\Python\Python310\;C:\Users\thaybinh\AppData\Local\Programs\Python\Python312\Scripts\;C:\Users\thaybinh\AppData\Local\Programs\Python\Python312\;C:\WINDOWS\system32;C:\WINDOWS;C:\WINDOWS\System32\Wbem;C:\WINDOWS\System32\WindowsPowerShell\v1.0\;C:\WINDOWS\System32\OpenSSH\;C:\Program Files\Git\cmd;C:\xampp\php;C:\Projects\mysites\phonebook;C:\Projects\mysites\phonebook\vendor;C:\ProgramData\ComposerSetup\bin;C:\Nodejs\nodejs\;C:\ProgramData\chocolatey\bin;C:\Users\thaybinh\AppData\Local\Programs\Python\Python310\;C:\Users\thaybinh\AppData\Local\Programs\Python\Python310\Scripts;C:\AppData\Local\flutter\bin;C:\Users\thaybinh\AppData\Local\Programs\Python\Launcher\;C:\Users\thaybinh\AppData\Local\Microsoft\WindowsApps;"C:\Users\thaybinh\AppData\Local\Programs\Python\Python312\Scripts;";C:\Users\thaybinh\AppData\Local\Programs\Microsoft VS Code\bin;C:\Users\thaybinh\AppData\Local\Programs\Python\Python312\Lib\site-packages\matplotlib;C:\Users\thaybinh\AppData\Roaming\Composer\vendor\bin;C:\Users\thaybinh\AppData\Roaming\npm;;C:\AppData\Local\flutter\bin\mingit\cmd;C:\AppData\Local\flutter\bin\mingit\cmd
USERNAME=thaybinh
OS=Windows_NT
PROCESSOR_IDENTIFIER=Intel64 Family 6 Model 142 Stepping 9, GenuineIntel
TMP=C:\Users\thaybinh\AppData\Local\Temp
TEMP=C:\Users\thaybinh\AppData\Local\Temp




Periodic native trim disabled

JNI global refs:
JNI global refs: 0, weak refs: 0

JNI global refs memory usage: 0, weak refs: 0

Process memory usage:
Resident Set Size: 10500K (0% of 4103268K total physical memory with 55760K free physical memory)

OOME stack traces (most recent first):
Classloader memory used:

---------------  S Y S T E M  ---------------

OS:
 Windows 10 , 64 bit Build 19041 (10.0.19041.5794)
OS uptime: 6 days 10:08 hours
Hyper-V role detected

CPU: total 4 (initial active 4) (2 cores per cpu, 2 threads per core) family 6 model 142 stepping 9 microcode 0xea, cx8, cmov, fxsr, ht, mmx, 3dnowpref, sse, sse2, sse3, ssse3, sse4.1, sse4.2, popcnt, lzcnt, tsc, tscinvbit, avx, avx2, aes, erms, clmul, bmi1, bmi2, adx, fma, vzeroupper, clflush, clflushopt, hv, rdtscp, f16c
Processor Information for the first 4 processors :
  Max Mhz: 2300, Current Mhz: 2300, Mhz Limit: 2300

Memory: 4k page, system-wide physical 4007M (54M free)
TotalPageFile size 16295M (AvailPageFile size 57M)
current process WorkingSet (physical memory assigned to process): 10M, peak: 10M
current process commit charge ("private bytes"): 51M, peak: 115M

vm_info: OpenJDK 64-Bit Server VM (21.0.6+-13368085-b895.109) for windows-amd64 JRE (21.0.6+-13368085-b895.109), built on 2025-04-16T17:01:31Z by "builder" with MS VC++ 16.10 / 16.11 (VS2019)

END.
